1583523099943	mozrunner::runner	INFO	Running command: "/usr/bin/firefox" "-marionette" "-foreground" "-no-remote" "-profile" "/tmp/rust_mozprofileKoVMTR"
1583523100312	addons.webextension.doh-rollout@mozilla.org	WARN	Loading extension 'doh-rollout@mozilla.org': Reading manifest: Invalid extension permission: networkStatus
1583523100761	addons.webextension.screenshots@mozilla.org	WARN	Loading extension 'screenshots@mozilla.org': Reading manifest: Invalid extension permission: mozillaAddons
1583523100761	addons.webextension.screenshots@mozilla.org	WARN	Loading extension 'screenshots@mozilla.org': Reading manifest: Invalid extension permission: telemetry
1583523100761	addons.webextension.screenshots@mozilla.org	WARN	Loading extension 'screenshots@mozilla.org': Reading manifest: Invalid extension permission: resource://pdf.js/
1583523100761	addons.webextension.screenshots@mozilla.org	WARN	Loading extension 'screenshots@mozilla.org': Reading manifest: Invalid extension permission: about:reader*
1583523102371	Marionette	INFO	Listening on port 37557
1583523102452	Marionette	WARN	TLS certificate errors will be ignored for this session
JavaScript warning: https://www.runtouravianca.com/lib/fancybox/lib/jquery-1.10.1.min.js, line 2: Using //@ to indicate sourceMappingURL pragmas is deprecated. Use //# instead
JavaScript error: https://www.runtouravianca.com/tiempos/Consulta.php, line 1: ReferenceError: YY_checkform is not defined
JavaScript error: https://www.runtouravianca.com/tiempos/Consulta.php, line 1: ReferenceError: YY_checkform is not defined
1583523110973	Marionette	INFO	Stopped listening on port 37557
1583523152067	mozrunner::runner	INFO	Running command: "/usr/bin/firefox" "-marionette" "-foreground" "-no-remote" "-profile" "/tmp/rust_mozprofilegiae8p"
1583523152449	addons.webextension.doh-rollout@mozilla.org	WARN	Loading extension 'doh-rollout@mozilla.org': Reading manifest: Invalid extension permission: networkStatus
1583523152774	addons.webextension.screenshots@mozilla.org	WARN	Loading extension 'screenshots@mozilla.org': Reading manifest: Invalid extension permission: mozillaAddons
1583523152774	addons.webextension.screenshots@mozilla.org	WARN	Loading extension 'screenshots@mozilla.org': Reading manifest: Invalid extension permission: telemetry
1583523152774	addons.webextension.screenshots@mozilla.org	WARN	Loading extension 'screenshots@mozilla.org': Reading manifest: Invalid extension permission: resource://pdf.js/
1583523152774	addons.webextension.screenshots@mozilla.org	WARN	Loading extension 'screenshots@mozilla.org': Reading manifest: Invalid extension permission: about:reader*
1583523154362	Marionette	INFO	Listening on port 36813
1583523154396	Marionette	WARN	TLS certificate errors will be ignored for this session
JavaScript warning: https://www.runtouravianca.com/lib/fancybox/lib/jquery-1.10.1.min.js, line 2: Using //@ to indicate sourceMappingURL pragmas is deprecated. Use //# instead
JavaScript error: https://www.runtouravianca.com/tiempos/Consulta.php, line 1: ReferenceError: YY_checkform is not defined
JavaScript error: https://www.runtouravianca.com/tiempos/Consulta.php, line 1: ReferenceError: YY_checkform is not defined
JavaScript error: https://www.runtouravianca.com/tiempos/Consulta.php, line 1: ReferenceError: YY_checkform is not defined
JavaScript error: https://www.runtouravianca.com/tiempos/Consulta.php, line 1: ReferenceError: YY_checkform is not defined
JavaScript error: https://www.runtouravianca.com/tiempos/Consulta.php, line 1: ReferenceError: YY_checkform is not defined
JavaScript error: https://www.runtouravianca.com/tiempos/Consulta.php, line 1: ReferenceError: YY_checkform is not defined
JavaScript error: https://www.runtouravianca.com/tiempos/Consulta.php, line 1: ReferenceError: YY_checkform is not defined
JavaScript error: https://www.runtouravianca.com/tiempos/Consulta.php, line 1: ReferenceError: YY_checkform is not defined
JavaScript error: https://www.runtouravianca.com/tiempos/Consulta.php, line 1: ReferenceError: YY_checkform is not defined
